[2022-03-24 15:42:30,773] {taskinstance.py:1037} INFO - Dependencies all met for <TaskInstance: dbt_dag.model.iowa.monthly_store_revenue manual__2022-03-23T19:14:12.667416+00:00 [queued]>
[2022-03-24 15:42:30,779] {taskinstance.py:1037} INFO - Dependencies all met for <TaskInstance: dbt_dag.model.iowa.monthly_store_revenue manual__2022-03-23T19:14:12.667416+00:00 [queued]>
[2022-03-24 15:42:30,780] {taskinstance.py:1243} INFO - 
--------------------------------------------------------------------------------
[2022-03-24 15:42:30,780] {taskinstance.py:1244} INFO - Starting attempt 1 of 1
[2022-03-24 15:42:30,780] {taskinstance.py:1245} INFO - 
--------------------------------------------------------------------------------
[2022-03-24 15:42:30,787] {taskinstance.py:1264} INFO - Executing <Task(BashOperator): model.iowa.monthly_store_revenue> on 2022-03-23 19:14:12.667416+00:00
[2022-03-24 15:42:30,789] {standard_task_runner.py:52} INFO - Started process 497 to run task
[2022-03-24 15:42:30,792] {standard_task_runner.py:76} INFO - Running: ['airflow', 'tasks', 'run', 'dbt_dag', 'model.iowa.monthly_store_revenue', 'manual__2022-03-23T19:14:12.667416+00:00', '--job-id', '180', '--raw', '--subdir', 'DAGS_FOLDER/transform_dags.py', '--cfg-path', '/tmp/tmp4viqq9kc', '--error-file', '/tmp/tmpkyv8xqew']
[2022-03-24 15:42:30,792] {standard_task_runner.py:77} INFO - Job 180: Subtask model.iowa.monthly_store_revenue
[2022-03-24 15:42:30,841] {logging_mixin.py:109} INFO - Running <TaskInstance: dbt_dag.model.iowa.monthly_store_revenue manual__2022-03-23T19:14:12.667416+00:00 [running]> on host a91ac75a8f43
[2022-03-24 15:42:30,886] {taskinstance.py:1429} INFO - Exporting the following env vars:
AIRFLOW_CTX_DAG_OWNER=airflow
AIRFLOW_CTX_DAG_ID=dbt_dag
AIRFLOW_CTX_TASK_ID=model.iowa.monthly_store_revenue
AIRFLOW_CTX_EXECUTION_DATE=2022-03-23T19:14:12.667416+00:00
AIRFLOW_CTX_DAG_RUN_ID=manual__2022-03-23T19:14:12.667416+00:00
[2022-03-24 15:42:30,886] {subprocess.py:62} INFO - Tmp dir root location: 
 /tmp
[2022-03-24 15:42:30,887] {subprocess.py:74} INFO - Running command: ['bash', '-c', '\n            cd /opt/iowa/dbt/iowa &&\n            dbt --no-write-json run --target dev --models monthly_store_revenue\n            ']
[2022-03-24 15:42:30,891] {subprocess.py:85} INFO - Output:
[2022-03-24 15:42:33,870] {subprocess.py:89} INFO - 15:42:33  Running with dbt=1.0.4
[2022-03-24 15:42:33,922] {subprocess.py:89} INFO - 15:42:33  Found 8 models, 2 tests, 0 snapshots, 0 analyses, 188 macros, 0 operations, 0 seed files, 1 source, 0 exposures, 0 metrics
[2022-03-24 15:42:33,924] {subprocess.py:89} INFO - 15:42:33
[2022-03-24 15:42:40,704] {subprocess.py:89} INFO - 15:42:40  Concurrency: 4 threads (target='dev')
[2022-03-24 15:42:40,704] {subprocess.py:89} INFO - 15:42:40
[2022-03-24 15:42:40,708] {subprocess.py:89} INFO - 15:42:40  1 of 1 START incremental model iowa_staging.monthly_store_revenue............... [RUN]
[2022-03-24 15:42:47,450] {subprocess.py:89} INFO - 15:42:47  1 of 1 ERROR creating incremental model iowa_staging.monthly_store_revenue...... [ERROR in 6.74s]
[2022-03-24 15:42:47,453] {subprocess.py:89} INFO - 15:42:47
[2022-03-24 15:42:47,453] {subprocess.py:89} INFO - 15:42:47  Finished running 1 incremental model in 13.53s.
[2022-03-24 15:42:47,454] {subprocess.py:89} INFO - 15:42:47
[2022-03-24 15:42:47,454] {subprocess.py:89} INFO - 15:42:47  Completed with 1 error and 0 warnings:
[2022-03-24 15:42:47,455] {subprocess.py:89} INFO - 15:42:47
[2022-03-24 15:42:47,455] {subprocess.py:89} INFO - 15:42:47  Database Error in model monthly_store_revenue (models/marts/sales/monthly_store_revenue.sql)
[2022-03-24 15:42:47,455] {subprocess.py:89} INFO - 15:42:47    Syntax error: Expected ")" but got ";" at [20:17]
[2022-03-24 15:42:47,455] {subprocess.py:89} INFO - 15:42:47    compiled SQL at target/run/iowa/models/marts/sales/monthly_store_revenue.sql
[2022-03-24 15:42:47,456] {subprocess.py:89} INFO - 15:42:47
[2022-03-24 15:42:47,456] {subprocess.py:89} INFO - 15:42:47  Done. PASS=0 WARN=0 ERROR=1 SKIP=0 TOTAL=1
[2022-03-24 15:42:52,188] {subprocess.py:93} INFO - Command exited with return code 1
[2022-03-24 15:42:52,200] {taskinstance.py:1718} ERROR - Task failed with exception
Traceback (most recent call last):
  File "/usr/local/lib/python3.9/site-packages/airflow/models/taskinstance.py", line 1334, in _run_raw_task
    self._execute_task_with_callbacks(context)
  File "/usr/local/lib/python3.9/site-packages/airflow/models/taskinstance.py", line 1460, in _execute_task_with_callbacks
    result = self._execute_task(context, self.task)
  File "/usr/local/lib/python3.9/site-packages/airflow/models/taskinstance.py", line 1516, in _execute_task
    result = execute_callable(context=context)
  File "/usr/local/lib/python3.9/site-packages/airflow/operators/bash.py", line 187, in execute
    raise AirflowException(
airflow.exceptions.AirflowException: Bash command failed. The command returned a non-zero exit code 1.
[2022-03-24 15:42:52,204] {taskinstance.py:1272} INFO - Marking task as FAILED. dag_id=dbt_dag, task_id=model.iowa.monthly_store_revenue, execution_date=20220323T191412, start_date=20220324T154230, end_date=20220324T154252
[2022-03-24 15:42:52,212] {standard_task_runner.py:89} ERROR - Failed to execute job 180 for task model.iowa.monthly_store_revenue
Traceback (most recent call last):
  File "/usr/local/lib/python3.9/site-packages/airflow/task/task_runner/standard_task_runner.py", line 85, in _start_by_fork
    args.func(args, dag=self.dag)
  File "/usr/local/lib/python3.9/site-packages/airflow/cli/cli_parser.py", line 48, in command
    return func(*args, **kwargs)
  File "/usr/local/lib/python3.9/site-packages/airflow/utils/cli.py", line 92, in wrapper
    return f(*args, **kwargs)
  File "/usr/local/lib/python3.9/site-packages/airflow/cli/commands/task_command.py", line 298, in task_run
    _run_task_by_selected_method(args, dag, ti)
  File "/usr/local/lib/python3.9/site-packages/airflow/cli/commands/task_command.py", line 107, in _run_task_by_selected_method
    _run_raw_task(args, ti)
  File "/usr/local/lib/python3.9/site-packages/airflow/cli/commands/task_command.py", line 180, in _run_raw_task
    ti._run_raw_task(
  File "/usr/local/lib/python3.9/site-packages/airflow/utils/session.py", line 70, in wrapper
    return func(*args, session=session, **kwargs)
  File "/usr/local/lib/python3.9/site-packages/airflow/models/taskinstance.py", line 1334, in _run_raw_task
    self._execute_task_with_callbacks(context)
  File "/usr/local/lib/python3.9/site-packages/airflow/models/taskinstance.py", line 1460, in _execute_task_with_callbacks
    result = self._execute_task(context, self.task)
  File "/usr/local/lib/python3.9/site-packages/airflow/models/taskinstance.py", line 1516, in _execute_task
    result = execute_callable(context=context)
  File "/usr/local/lib/python3.9/site-packages/airflow/operators/bash.py", line 187, in execute
    raise AirflowException(
airflow.exceptions.AirflowException: Bash command failed. The command returned a non-zero exit code 1.
[2022-03-24 15:42:52,239] {local_task_job.py:154} INFO - Task exited with return code 1
[2022-03-24 15:42:52,269] {local_task_job.py:264} INFO - 0 downstream tasks scheduled from follow-on schedule check
